-------------------------------------------------------------------------------
Test set: com.vytrack.runners.CukesRunner
-------------------------------------------------------------------------------
Tests run: 1, Failures: 0, Errors: 1, Skipped: 0, Time elapsed: 0.005 s <<< FAILURE! - in com.vytrack.runners.CukesRunner
initializationError(com.vytrack.runners.CukesRunner)  Time elapsed: 0.005 s  <<< ERROR!
io.cucumber.core.gherkin.FeatureParserException: Failed to parse resource at: file:///C:/Users/ahmet/IdeaProjects/EU2CucumberSelenium/src/test/resources/features/AccountTypes.feature
Caused by: io.cucumber.core.gherkin.vintage.internal.gherkin.ParserException$CompositeParserException: 
Parser errors:
(57:0): unexpected end of file, expected: #DocStringSeparator, #Other

